#
# There is insufficient memory for the Java Runtime Environment to continue.
# Native memory allocation (mmap) failed to map 23068672 bytes for G1 virtual space
# Possible reasons:
#   The system is out of physical RAM or swap space
#   The process is running with CompressedOops enabled, and the Java Heap may be blocking the growth of the native heap
# Possible solutions:
#   Reduce memory load on the system
#   Increase physical memory or swap space
#   Check if swap backing store is full
#   Decrease Java heap size (-Xmx/-Xms)
#   Decrease number of Java threads
#   Decrease Java thread stack sizes (-Xss)
#   Set larger code cache with -XX:ReservedCodeCacheSize=
#   JVM is running with Unscaled Compressed Oops mode in which the Java heap is
#     placed in the first 4GB address space. The Java Heap base address is the
#     maximum limit for the native heap growth. Please use -XX:HeapBaseMinAddress
#     to set the Java Heap base and to place the Java Heap above 4GB virtual address.
# This output file may be truncated or incomplete.
#
#  Out of Memory Error (os_windows.cpp:3825), pid=2084, tid=34728
#
# JRE version: OpenJDK Runtime Environment (17.0.10) (build 17.0.10+0--11572160)
# Java VM: OpenJDK 64-Bit Server VM (17.0.10+0--11572160, mixed mode, tiered, compressed oops, compressed class ptrs, g1 gc, windows-amd64)
# No core dump will be written. Minidumps are not enabled by default on client versions of Windows
#

---------------  S U M M A R Y ------------

Command Line: org.jetbrains.kotlin.cli.jvm.K2JVMCompiler @C:\gavri\CheckSolution-master\app\build\20240520_11413822578336316318.compiler.options

Host: AMD Ryzen 5 5500U with Radeon Graphics         , 12 cores, 7G,  Windows 10 , 64 bit Build 19041 (10.0.19041.3636)
Time: Mon May 20 21:10:49 2024 RTZ 2 (s 10 , 64 bit Build 19041 (10.0.19041.3636) elapsed time: 9.258999 seconds (0d 0h 0m 9s)

---------------  T H R E A D  ---------------

Current thread (0x0000022370d25ba0):  VMThread "VM Thread" [stack: 0x000000d761500000,0x000000d761600000] [id=34728]

Stack: [0x000000d761500000,0x000000d761600000]
Native frames: (J=compiled Java code, j=interpreted, Vv=VM code, C=native code)
V  [jvm.dll+0x688e89]
V  [jvm.dll+0x84247a]
V  [jvm.dll+0x8440be]
V  [jvm.dll+0x844723]
V  [jvm.dll+0x24be0f]
V  [jvm.dll+0x685c59]
V  [jvm.dll+0x67a50a]
V  [jvm.dll+0x30cbab]
V  [jvm.dll+0x314056]
V  [jvm.dll+0x363dce]
V  [jvm.dll+0x363fff]
V  [jvm.dll+0x2e2978]
V  [jvm.dll+0x2e0b54]
V  [jvm.dll+0x2e015c]
V  [jvm.dll+0x325351]
V  [jvm.dll+0x848e1b]
V  [jvm.dll+0x849b61]
V  [jvm.dll+0x84a07d]
V  [jvm.dll+0x84a454]
V  [jvm.dll+0x84a520]
V  [jvm.dll+0x7f0d1a]
V  [jvm.dll+0x687d05]
C  [ucrtbase.dll+0x21bb2]
C  [KERNEL32.DLL+0x17344]
C  [ntdll.dll+0x526b1]

VM_Operation (0x000000d760ff7a60): G1TryInitiateConcMark, mode: safepoint, requested by thread 0x000002235708fa60


---------------  P R O C E S S  ---------------

Threads class SMR info:
_java_thread_list=0x0000022377d30ba0, length=13, elements={
0x000002235708fa60, 0x0000022370d4d270, 0x0000022370d4def0, 0x00000223750144c0,
0x00000223750155a0, 0x0000022375017f70, 0x0000022375018930, 0x0000022375034780,
0x000002237503ad40, 0x0000022375065020, 0x00000223751b9dd0, 0x00000223751ce2a0,
0x00000223762dd010
}

Java Threads: ( => current thread )
  0x000002235708fa60 JavaThread "main" [_thread_blocked, id=42724, stack(0x000000d760f00000,0x000000d761000000)]
  0x0000022370d4d270 JavaThread "Reference Handler" daemon [_thread_blocked, id=36776, stack(0x000000d761600000,0x000000d761700000)]
  0x0000022370d4def0 JavaThread "Finalizer" daemon [_thread_blocked, id=5432, stack(0x000000d761700000,0x000000d761800000)]
  0x00000223750144c0 JavaThread "Signal Dispatcher" daemon [_thread_blocked, id=42472, stack(0x000000d761800000,0x000000d761900000)]
  0x00000223750155a0 JavaThread "Attach Listener" daemon [_thread_blocked, id=41824, stack(0x000000d761900000,0x000000d761a00000)]
  0x0000022375017f70 JavaThread "Service Thread" daemon [_thread_blocked, id=43620, stack(0x000000d761a00000,0x000000d761b00000)]
  0x0000022375018930 JavaThread "Monitor Deflation Thread" daemon [_thread_blocked, id=14464, stack(0x000000d761b00000,0x000000d761c00000)]
  0x0000022375034780 JavaThread "C2 CompilerThread0" daemon [_thread_blocked, id=41992, stack(0x000000d761c00000,0x000000d761d00000)]
  0x000002237503ad40 JavaThread "C1 CompilerThread0" daemon [_thread_blocked, id=42244, stack(0x000000d761d00000,0x000000d761e00000)]
  0x0000022375065020 JavaThread "Sweeper thread" daemon [_thread_blocked, id=35812, stack(0x000000d761e00000,0x000000d761f00000)]
  0x00000223751b9dd0 JavaThread "Notification Thread" daemon [_thread_blocked, id=40808, stack(0x000000d761f00000,0x000000d762000000)]
  0x00000223751ce2a0 JavaThread "Common-Cleaner" daemon [_thread_blocked, id=38520, stack(0x000000d762100000,0x000000d762200000)]
  0x00000223762dd010 JavaThread "C2 CompilerThread1" daemon [_thread_blocked, id=39508, stack(0x000000d762d00000,0x000000d762e00000)]

Other Threads:
=>0x0000022370d25ba0 VMThread "VM Thread" [stack: 0x000000d761500000,0x000000d761600000] [id=34728]
  0x00000223751bcce0 WatcherThread [stack: 0x000000d762000000,0x000000d762100000] [id=37664]
  0x00000223570ea250 GCTaskThread "GC Thread#0" [stack: 0x000000d761000000,0x000000d761100000] [id=38144]
  0x0000022375773600 GCTaskThread "GC Thread#1" [stack: 0x000000d762300000,0x000000d762400000] [id=31128]
  0x000002237579b600 GCTaskThread "GC Thread#2" [stack: 0x000000d762400000,0x000000d762500000] [id=12984]
  0x000002237579b8c0 GCTaskThread "GC Thread#3" [stack: 0x000000d762500000,0x000000d762600000] [id=43160]
  0x00000223757b7440 GCTaskThread "GC Thread#4" [stack: 0x000000d762600000,0x000000d762700000] [id=43240]
  0x00000223757d6af0 GCTaskThread "GC Thread#5" [stack: 0x000000d762200000,0x000000d762300000] [id=42660]
  0x00000223757d6db0 GCTaskThread "GC Thread#6" [stack: 0x000000d762700000,0x000000d762800000] [id=20436]
  0x00000223757d83b0 GCTaskThread "GC Thread#7" [stack: 0x000000d762800000,0x000000d762900000] [id=20112]
  0x00000223757d75f0 GCTaskThread "GC Thread#8" [stack: 0x000000d762900000,0x000000d762a00000] [id=29096]
  0x00000223757d7330 GCTaskThread "GC Thread#9" [stack: 0x000000d762a00000,0x000000d762b00000] [id=40836]
  0x00000223570facf0 ConcurrentGCThread "G1 Main Marker" [stack: 0x000000d761100000,0x000000d761200000] [id=38400]
  0x00000223570fb710 ConcurrentGCThread "G1 Conc#0" [stack: 0x000000d761200000,0x000000d761300000] [id=41032]
  0x00000223757d8670 ConcurrentGCThread "G1 Conc#1" [stack: 0x000000d762b00000,0x000000d762c00000] [id=36912]
  0x00000223757d78b0 ConcurrentGCThread "G1 Conc#2" [stack: 0x000000d762c00000,0x000000d762d00000] [id=26016]
  0x0000022370b820c0 ConcurrentGCThread "G1 Refine#0" [stack: 0x000000d761300000,0x000000d761400000] [id=43456]
  0x0000022370b82af0 ConcurrentGCThread "G1 Service" [stack: 0x000000d761400000,0x000000d761500000] [id=34760]

Threads with active compile tasks:
C2 CompilerThread0     9284 5857       4       org.jetbrains.kotlin.metadata.ProtoBuf$Function::getSerializedSize (512 bytes)
C2 CompilerThread1     9285 5859       4       org.jetbrains.kotlin.metadata.ProtoBuf$ValueParameter::getSerializedSize (171 bytes)

VM state: at safepoint (normal execution)

VM Mutex/Monitor currently owned by a thread:  ([mutex/lock_event])
[0x000002235708a420] Threads_lock - owner thread: 0x0000022370d25ba0
[0x000002235708ac90] Heap_lock - owner thread: 0x000002235708fa60

Heap address: 0x000000008a600000, size: 1882 MB, Compressed Oops mode: 32-bit

CDS archive(s) not mapped
Compressed class space mapped at: 0x0000000100000000-0x0000000140000000, reserved size: 1073741824
Narrow klass base: 0x0000000000000000, Narrow klass shift: 3, Narrow klass range: 0x140000000

GC Precious Log:
 CPUs: 12 total, 12 available
 Memory: 7521M
 Large Page Support: Disabled
 NUMA Support: Disabled
 Compressed Oops: Enabled (32-bit)
 Heap Region Size: 1M
 Heap Min Capacity: 8M
 Heap Initial Capacity: 118M
 Heap Max Capacity: 1882M
 Pre-touch: Disabled
 Parallel Workers: 10
 Concurrent Workers: 3
 Concurrent Refinement Workers: 10
 Periodic GC: Disabled

Heap:
 garbage-first heap   total 86016K, used 47784K [0x000000008a600000, 0x0000000100000000)
  region size 1024K, 1 young (1024K), 1 survivors (1024K)
 Metaspace       used 57161K, committed 57472K, reserved 1114112K
  class space    used 6757K, committed 6912K, reserved 1048576K

Heap Regions: E=young(eden), S=young(survivor), O=old, HS=humongous(starts), HC=humongous(continues), CS=collection set, F=free, OA=open archive, CA=closed archive, TAMS=top-at-mark-start (previous, next)
|   0|0x000000008a600000, 0x000000008a700000, 0x000000008a700000|100%|HS|  |TAMS 0x000000008a700000, 0x000000008a700000| Complete 
|   1|0x000000008a700000, 0x000000008a800000, 0x000000008a800000|100%|HC|  |TAMS 0x000000008a800000, 0x000000008a800000| Complete 
|   2|0x000000008a800000, 0x000000008a900000, 0x000000008a900000|100%|HC|  |TAMS 0x000000008a900000, 0x000000008a900000| Complete 
|   3|0x000000008a900000, 0x000000008aa00000, 0x000000008aa00000|100%|HC|  |TAMS 0x000000008aa00000, 0x000000008aa00000| Complete 
|   4|0x000000008aa00000, 0x000000008ab00000, 0x000000008ab00000|100%| O|  |TAMS 0x000000008ab00000, 0x000000008ab00000| Untracked 
|   5|0x000000008ab00000, 0x000000008ac00000, 0x000000008ac00000|100%| O|  |TAMS 0x000000008ac00000, 0x000000008ac00000| Untracked 
|   6|0x000000008ac00000, 0x000000008ad00000, 0x000000008ad00000|100%| O|  |TAMS 0x000000008ad00000, 0x000000008ad00000| Untracked 
|   7|0x000000008ad00000, 0x000000008ae00000, 0x000000008ae00000|100%|HS|  |TAMS 0x000000008ae00000, 0x000000008ae00000| Complete 
|   8|0x000000008ae00000, 0x000000008af00000, 0x000000008af00000|100%|HC|  |TAMS 0x000000008af00000, 0x000000008af00000| Complete 
|   9|0x000000008af00000, 0x000000008b000000, 0x000000008b000000|100%|HC|  |TAMS 0x000000008b000000, 0x000000008b000000| Complete 
|  10|0x000000008b000000, 0x000000008b100000, 0x000000008b100000|100%|HC|  |TAMS 0x000000008b100000, 0x000000008b100000| Complete 
|  11|0x000000008b100000, 0x000000008b200000, 0x000000008b200000|100%| O|  |TAMS 0x000000008b200000, 0x000000008b200000| Untracked 
|  12|0x000000008b200000, 0x000000008b300000, 0x000000008b300000|100%| O|  |TAMS 0x000000008b300000, 0x000000008b300000| Untracked 
|  13|0x000000008b300000, 0x000000008b400000, 0x000000008b400000|100%| O|  |TAMS 0x000000008b400000, 0x000000008b400000| Untracked 
|  14|0x000000008b400000, 0x000000008b500000, 0x000000008b500000|100%| O|  |TAMS 0x000000008b500000, 0x000000008b500000| Untracked 
|  15|0x000000008b500000, 0x000000008b600000, 0x000000008b600000|100%|HS|  |TAMS 0x000000008b600000, 0x000000008b600000| Complete 
|  16|0x000000008b600000, 0x000000008b700000, 0x000000008b700000|100%|HC|  |TAMS 0x000000008b700000, 0x000000008b700000| Complete 
|  17|0x000000008b700000, 0x000000008b800000, 0x000000008b800000|100%| O|  |TAMS 0x000000008b800000, 0x000000008b800000| Untracked 
|  18|0x000000008b800000, 0x000000008b900000, 0x000000008b900000|100%| O|  |TAMS 0x000000008b900000, 0x000000008b900000| Untracked 
|  19|0x000000008b900000, 0x000000008ba00000, 0x000000008ba00000|100%| O|  |TAMS 0x000000008ba00000, 0x000000008ba00000| Untracked 
|  20|0x000000008ba00000, 0x000000008bb00000, 0x000000008bb00000|100%| O|  |TAMS 0x000000008bb00000, 0x000000008bb00000| Untracked 
|  21|0x000000008bb00000, 0x000000008bc00000, 0x000000008bc00000|100%| O|  |TAMS 0x000000008bc00000, 0x000000008bc00000| Untracked 
|  22|0x000000008bc00000, 0x000000008bd00000, 0x000000008bd00000|100%| O|  |TAMS 0x000000008bd00000, 0x000000008bd00000| Untracked 
|  23|0x000000008bd00000, 0x000000008be00000, 0x000000008be00000|100%| O|  |TAMS 0x000000008be00000, 0x000000008be00000| Untracked 
|  24|0x000000008be00000, 0x000000008bf00000, 0x000000008bf00000|100%| O|  |TAMS 0x000000008bf00000, 0x000000008bf00000| Untracked 
|  25|0x000000008bf00000, 0x000000008c000000, 0x000000008c000000|100%| O|  |TAMS 0x000000008c000000, 0x000000008c000000| Untracked 
|  26|0x000000008c000000, 0x000000008c100000, 0x000000008c100000|100%| O|  |TAMS 0x000000008c100000, 0x000000008c100000| Untracked 
|  27|0x000000008c100000, 0x000000008c200000, 0x000000008c200000|100%| O|  |TAMS 0x000000008c200000, 0x000000008c200000| Untracked 
|  28|0x000000008c200000, 0x000000008c300000, 0x000000008c300000|100%| O|  |TAMS 0x000000008c300000, 0x000000008c300000| Untracked 
|  29|0x000000008c300000, 0x000000008c400000, 0x000000008c400000|100%| O|  |TAMS 0x000000008c400000, 0x000000008c400000| Untracked 
|  30|0x000000008c400000, 0x000000008c500000, 0x000000008c500000|100%| O|  |TAMS 0x000000008c500000, 0x000000008c500000| Untracked 
|  31|0x000000008c500000, 0x000000008c600000, 0x000000008c600000|100%| O|  |TAMS 0x000000008c600000, 0x000000008c600000| Untracked 
|  32|0x000000008c600000, 0x000000008c700000, 0x000000008c700000|100%| O|  |TAMS 0x000000008c700000, 0x000000008c700000| Untracked 
|  33|0x000000008c700000, 0x000000008c800000, 0x000000008c800000|100%| O|  |TAMS 0x000000008c800000, 0x000000008c800000| Untracked 
|  34|0x000000008c800000, 0x000000008c900000, 0x000000008c900000|100%| O|  |TAMS 0x000000008c900000, 0x000000008c900000| Untracked 
|  35|0x000000008c900000, 0x000000008ca00000, 0x000000008ca00000|100%| O|  |TAMS 0x000000008ca00000, 0x000000008ca00000| Untracked 
|  36|0x000000008ca00000, 0x000000008cb00000, 0x000000008cb00000|100%| O|  |TAMS 0x000000008cb00000, 0x000000008cb00000| Untracked 
|  37|0x000000008cb00000, 0x000000008cc00000, 0x000000008cc00000|100%| O|  |TAMS 0x000000008cc00000, 0x000000008cc00000| Untracked 
|  38|0x000000008cc00000, 0x000000008cd00000, 0x000000008cd00000|100%| O|  |TAMS 0x000000008ccd2000, 0x000000008cd00000| Untracked 
|  39|0x000000008cd00000, 0x000000008ce00000, 0x000000008ce00000|100%| O|  |TAMS 0x000000008cd00000, 0x000000008ce00000| Untracked 
|  40|0x000000008ce00000, 0x000000008cf00000, 0x000000008cf00000|100%| O|  |TAMS 0x000000008ce00000, 0x000000008cf00000| Untracked 
|  41|0x000000008cf00000, 0x000000008d000000, 0x000000008d000000|100%| O|  |TAMS 0x000000008cf00000, 0x000000008d000000| Untracked 
|  42|0x000000008d000000, 0x000000008d100000, 0x000000008d100000|100%| O|  |TAMS 0x000000008d000000, 0x000000008d100000| Untracked 
|  43|0x000000008d100000, 0x000000008d200000, 0x000000008d200000|100%| O|  |TAMS 0x000000008d100000, 0x000000008d18e400| Untracked 
|  44|0x000000008d200000, 0x000000008d300000, 0x000000008d300000|100%| O|  |TAMS 0x000000008d200000, 0x000000008d200000| Untracked 
|  45|0x000000008d300000, 0x000000008d3aa000, 0x000000008d400000| 66%| O|  |TAMS 0x000000008d300000, 0x000000008d300000| Untracked 
|  46|0x000000008d400000, 0x000000008d400000, 0x000000008d500000|  0%| F|  |TAMS 0x000000008d400000, 0x000000008d400000| Untracked 
|  47|0x000000008d500000, 0x000000008d500000, 0x000000008d600000|  0%| F|  |TAMS 0x000000008d500000, 0x000000008d500000| Untracked 
|  48|0x000000008d600000, 0x000000008d600000, 0x000000008d700000|  0%| F|  |TAMS 0x000000008d600000, 0x000000008d600000| Untracked 
|  49|0x000000008d700000, 0x000000008d700000, 0x000000008d800000|  0%| F|  |TAMS 0x000000008d700000, 0x000000008d700000| Untracked 
|  50|0x000000008d800000, 0x000000008d800000, 0x000000008d900000|  0%| F|  |TAMS 0x000000008d800000, 0x000000008d800000| Untracked 
|  51|0x000000008d900000, 0x000000008d900000, 0x000000008da00000|  0%| F|  |TAMS 0x000000008d900000, 0x000000008d900000| Untracked 
|  52|0x000000008da00000, 0x000000008da00000, 0x000000008db00000|  0%| F|  |TAMS 0x000000008da00000, 0x000000008da00000| Untracked 
|  53|0x000000008db00000, 0x000000008db00000, 0x000000008dc00000|  0%| F|  |TAMS 0x000000008db00000, 0x000000008db00000| Untracked 
|  54|0x000000008dc00000, 0x000000008dc00000, 0x000000008dd00000|  0%| F|  |TAMS 0x000000008dc00000, 0x000000008dc00000| Untracked 
|  55|0x000000008dd00000, 0x000000008dd00000, 0x000000008de00000|  0%| F|  |TAMS 0x000000008dd00000, 0x000000008dd00000| Untracked 
|  56|0x000000008de00000, 0x000000008de00000, 0x000000008df00000|  0%| F|  |TAMS 0x000000008de00000, 0x000000008de00000| Untracked 
|  57|0x000000008df00000, 0x000000008df00000, 0x000000008e000000|  0%| F|  |TAMS 0x000000008df00000, 0x000000008df00000| Untracked 
|  58|0x000000008e000000, 0x000000008e000000, 0x000000008e100000|  0%| F|  |TAMS 0x000000008e000000, 0x000000008e000000| Untracked 
|  59|0x000000008e100000, 0x000000008e100000, 0x000000008e200000|  0%| F|  |TAMS 0x000000008e100000, 0x000000008e100000| Untracked 
|  60|0x000000008e200000, 0x000000008e200000, 0x000000008e300000|  0%| F|  |TAMS 0x000000008e200000, 0x000000008e200000| Untracked 
|  61|0x000000008e300000, 0x000000008e300000, 0x000000008e400000|  0%| F|  |TAMS 0x000000008e300000, 0x000000008e300000| Untracked 
|  62|0x000000008e400000, 0x000000008e400000, 0x000000008e500000|  0%| F|  |TAMS 0x000000008e400000, 0x000000008e400000| Untracked 
|  63|0x000000008e500000, 0x000000008e500000, 0x000000008e600000|  0%| F|  |TAMS 0x000000008e500000, 0x000000008e500000| Untracked 
|  64|0x000000008e600000, 0x000000008e600000, 0x000000008e700000|  0%| F|  |TAMS 0x000000008e600000, 0x000000008e600000| Untracked 
|  65|0x000000008e700000, 0x000000008e700000, 0x000000008e800000|  0%| F|  |TAMS 0x000000008e700000, 0x000000008e700000| Untracked 
|  66|0x000000008e800000, 0x000000008e800000, 0x000000008e900000|  0%| F|  |TAMS 0x000000008e800000, 0x000000008e800000| Untracked 
|  67|0x000000008e900000, 0x000000008e900000, 0x000000008ea00000|  0%| F|  |TAMS 0x000000008e900000, 0x000000008e900000| Untracked 
|  68|0x000000008ea00000, 0x000000008ea00000, 0x000000008eb00000|  0%| F|  |TAMS 0x000000008ea00000, 0x000000008ea00000| Untracked 
|  69|0x000000008eb00000, 0x000000008eb00000, 0x000000008ec00000|  0%| F|  |TAMS 0x000000008eb00000, 0x000000008eb00000| Untracked 
|  70|0x000000008ec00000, 0x000000008ec00000, 0x000000008ed00000|  0%| F|  |TAMS 0x000000008ec00000, 0x000000008ec00000| Untracked 
|  71|0x000000008ed00000, 0x000000008ed00000, 0x000000008ee00000|  0%| F|  |TAMS 0x000000008ed00000, 0x000000008ed00000| Untracked 
|  72|0x000000008ee00000, 0x000000008ee00000, 0x000000008ef00000|  0%| F|  |TAMS 0x000000008ee00000, 0x000000008ee00000| Untracked 
|  73|0x000000008ef00000, 0x000000008f000000, 0x000000008f000000|100%| S|CS|TAMS 0x000000008ef00000, 0x000000008ef00000| Complete 
|  74|0x000000008f000000, 0x000000008f000000, 0x000000008f100000|  0%| F|  |TAMS 0x000000008f000000, 0x000000008f000000| Untracked 
|  75|0x000000008f100000, 0x000000008f100000, 0x000000008f200000|  0%| F|  |TAMS 0x000000008f100000, 0x000000008f100000| Untracked 
|  76|0x000000008f200000, 0x000000008f200000, 0x000000008f300000|  0%| F|  |TAMS 0x000000008f200000, 0x000000008f200000| Untracked 
|  77|0x000000008f300000, 0x000000008f300000, 0x000000008f400000|  0%| F|  |TAMS 0x000000008f300000, 0x000000008f300000| Untracked 
|  78|0x000000008f400000, 0x000000008f400000, 0x000000008f500000|  0%| F|  |TAMS 0x000000008f400000, 0x000000008f400000| Untracked 
|  79|0x000000008f500000, 0x000000008f500000, 0x000000008f600000|  0%| F|  |TAMS 0x000000008f500000, 0x000000008f500000| Untracked 
|  80|0x000000008f600000, 0x000000008f600000, 0x000000008f700000|  0%| F|  |TAMS 0x000000008f600000, 0x000000008f600000| Untracked 
|  81|0x000000008f700000, 0x000000008f700000, 0x000000008f800000|  0%| F|  |TAMS 0x000000008f700000, 0x000000008f700000| Untracked 
|  82|0x000000008f800000, 0x000000008f800000, 0x000000008f900000|  0%| F|  |TAMS 0x000000008f800000, 0x000000008f800000| Untracked 
| 117|0x0000000091b00000, 0x0000000091b00000, 0x0000000091c00000|  0%| F|  |TAMS 0x0000000091b00000, 0x0000000091b00000| Untracked 

Card table byte_map: [0x0000022369e70000,0x000002236a220000] _byte_map_base: 0x0000022369a1d000

Marking Bits (Prev, Next): (CMBitMap*) 0x00000223570eb8c0, (CMBitMap*) 0x00000223570eb880
 Prev Bits: [0x000002236c340000, 0x000002236e0a8000)
 Next Bits: [0x000002236a5d0000, 0x000002236c338000)

Polling page: 0x0000022356850000

Metaspace:

Usage:
  Non-class:     49.22 MB used.
      Class:      6.60 MB used.
       Both:     55.82 MB used.

Virtual space:
  Non-class space:       64.00 MB reserved,      49.38 MB ( 77%) committed,  1 nodes.
      Class space:        1.00 GB reserved,       6.75 MB ( <1%) committed,  1 nodes.
             Both:        1.06 GB reserved,      56.12 MB (  5%) committed. 

Chunk freelists:
   Non-Class:  14.23 MB
       Class:  9.23 MB
        Both:  23.46 MB

MaxMetaspaceSize: unlimited
CompressedClassSpaceSize: 1.00 GB
Initial GC threshold: 21.00 MB
Current GC threshold: 90.88 MB
CDS: off
MetaspaceReclaimPolicy: balanced
 - commit_granule_bytes: 65536.
 - commit_granule_words: 8192.
 - virtual_space_node_default_size: 8388608.
 - enlarge_chunks_in_place: 1.
 - new_chunks_are_fully_committed: 0.
 - uncommit_free_chunks: 1.
 - use_allocation_guard: 0.
 - handle_deallocations: 1.


Internal statistics:

num_allocs_failed_limit: 3.
num_arena_births: 232.
num_arena_deaths: 0.
num_vsnodes_births: 2.
num_vsnodes_deaths: 0.
num_space_committed: 896.
num_space_uncommitted: 0.
num_chunks_returned_to_freelist: 3.
num_chunks_taken_from_freelist: 1896.
num_chunk_merges: 3.
num_chunk_splits: 1550.
num_chunks_enlarged: 1391.
num_inconsistent_stats: 0.

CodeHeap 'non-profiled nmethods': size=120000Kb used=2580Kb max_used=2580Kb free=117419Kb
 bounds [0x0000022362040000, 0x00000223622d0000, 0x0000022369570000]
CodeHeap 'profiled nmethods': size=120000Kb used=12805Kb max_used=12805Kb free=107194Kb
 bounds [0x000002235a570000, 0x000002235b200000, 0x0000022361aa0000]
CodeHeap 'non-nmethods': size=5760Kb used=1307Kb max_used=1368Kb free=4453Kb
 bounds [0x0000022361aa0000, 0x0000022361d10000, 0x0000022362040000]
 total_blobs=6478 nmethods=5853 adapters=536
 compilation: enabled
              stopped_count=0, restarted_count=0
 full_count=0

Compilation events (20 events):
Event: 9.229 Thread 0x000002237503ad40 5909       3       org.jetbrains.kotlin.descriptors.TypeParameterUtilsKt::computeConstructorTypeParameters (343 bytes)
Event: 9.234 Thread 0x000002237503ad40 nmethod 5909 0x000002235b1e5b90 code [0x000002235b1e65a0, 0x000002235b1ec178]
Event: 9.234 Thread 0x000002237503ad40 5915       3       org.jetbrains.kotlin.metadata.ProtoBuf$Constructor::isInitialized (73 bytes)
Event: 9.235 Thread 0x000002237503ad40 nmethod 5915 0x000002235b1edd10 code [0x000002235b1edf40, 0x000002235b1ee758]
Event: 9.235 Thread 0x000002237503ad40 5910       3       org.jetbrains.kotlin.metadata.jvm.deserialization.JvmNameResolverBase::getQualifiedClassName (6 bytes)
Event: 9.235 Thread 0x000002237503ad40 nmethod 5910 0x000002235b1eea10 code [0x000002235b1eeba0, 0x000002235b1eed48]
Event: 9.235 Thread 0x000002237503ad40 5911       3       org.jetbrains.kotlin.metadata.jvm.deserialization.JvmNameResolverBase::isLocalClassName (14 bytes)
Event: 9.235 Thread 0x000002237503ad40 nmethod 5911 0x000002235b1eee10 code [0x000002235b1eefe0, 0x000002235b1ef428]
Event: 9.235 Thread 0x000002237503ad40 5912   !   3       org.jetbrains.kotlin.protobuf.AbstractParser::parsePartialFrom (37 bytes)
Event: 9.236 Thread 0x000002237503ad40 nmethod 5912 0x000002235b1ef610 code [0x000002235b1ef800, 0x000002235b1efdb8]
Event: 9.236 Thread 0x000002237503ad40 5913       3       org.jetbrains.kotlin.protobuf.CodedInputStream::newInstance (9 bytes)
Event: 9.236 Thread 0x000002237503ad40 nmethod 5913 0x000002235b1f0010 code [0x000002235b1f01c0, 0x000002235b1f0348]
Event: 9.236 Thread 0x000002237503ad40 5914       3       org.jetbrains.kotlin.protobuf.CodedInputStream::<init> (69 bytes)
Event: 9.236 Thread 0x000002237503ad40 nmethod 5914 0x000002235b1f0410 code [0x000002235b1f05c0, 0x000002235b1f08f8]
Event: 9.238 Thread 0x000002237503ad40 5916       1       org.jetbrains.kotlin.serialization.deserialization.DeserializationContext::getMemberDeserializer (5 bytes)
Event: 9.238 Thread 0x000002237503ad40 nmethod 5916 0x00000223622c4c90 code [0x00000223622c4e20, 0x00000223622c4ef8]
Event: 9.238 Thread 0x000002237503ad40 5917       3       kotlin.sequences.SequencesKt__SequencesKt$generateSequence$1::invoke (16 bytes)
Event: 9.238 Thread 0x000002237503ad40 nmethod 5917 0x000002235b1f0a10 code [0x000002235b1f0c20, 0x000002235b1f1268]
Event: 9.238 Thread 0x000002237503ad40 5918       1       org.jetbrains.kotlin.resolve.lazy.LazyImportResolver::getComponents$frontend (5 bytes)
Event: 9.239 Thread 0x000002237503ad40 nmethod 5918 0x00000223622c4f90 code [0x00000223622c5120, 0x00000223622c51f8]

GC Heap History (20 events):
Event: 4.597 GC heap after
{Heap after GC invocations=9 (full 0):
 garbage-first heap   total 60416K, used 25550K [0x000000008a600000, 0x0000000100000000)
  region size 1024K, 3 young (3072K), 3 survivors (3072K)
 Metaspace       used 37375K, committed 37632K, reserved 1114112K
  class space    used 4705K, committed 4800K, reserved 1048576K
}
Event: 5.139 GC heap before
{Heap before GC invocations=9 (full 0):
 garbage-first heap   total 60416K, used 42958K [0x000000008a600000, 0x0000000100000000)
  region size 1024K, 21 young (21504K), 3 survivors (3072K)
 Metaspace       used 41115K, committed 41344K, reserved 1114112K
  class space    used 5029K, committed 5120K, reserved 1048576K
}
Event: 5.149 GC heap after
{Heap after GC invocations=10 (full 0):
 garbage-first heap   total 60416K, used 27870K [0x000000008a600000, 0x0000000100000000)
  region size 1024K, 3 young (3072K), 3 survivors (3072K)
 Metaspace       used 41115K, committed 41344K, reserved 1114112K
  class space    used 5029K, committed 5120K, reserved 1048576K
}
Event: 5.787 GC heap before
{Heap before GC invocations=10 (full 0):
 garbage-first heap   total 60416K, used 45278K [0x000000008a600000, 0x0000000100000000)
  region size 1024K, 20 young (20480K), 3 survivors (3072K)
 Metaspace       used 45419K, committed 45632K, reserved 1114112K
  class space    used 5502K, committed 5568K, reserved 1048576K
}
Event: 5.795 GC heap after
{Heap after GC invocations=11 (full 0):
 garbage-first heap   total 60416K, used 29081K [0x000000008a600000, 0x0000000100000000)
  region size 1024K, 2 young (2048K), 2 survivors (2048K)
 Metaspace       used 45419K, committed 45632K, reserved 1114112K
  class space    used 5502K, committed 5568K, reserved 1048576K
}
Event: 6.337 GC heap before
{Heap before GC invocations=11 (full 0):
 garbage-first heap   total 60416K, used 46489K [0x000000008a600000, 0x0000000100000000)
  region size 1024K, 19 young (19456K), 2 survivors (2048K)
 Metaspace       used 48353K, committed 48576K, reserved 1114112K
  class space    used 5860K, committed 5952K, reserved 1048576K
}
Event: 6.351 GC heap after
{Heap after GC invocations=12 (full 0):
 garbage-first heap   total 72704K, used 31640K [0x000000008a600000, 0x0000000100000000)
  region size 1024K, 3 young (3072K), 3 survivors (3072K)
 Metaspace       used 48353K, committed 48576K, reserved 1114112K
  class space    used 5860K, committed 5952K, reserved 1048576K
}
Event: 6.602 GC heap before
{Heap before GC invocations=13 (full 0):
 garbage-first heap   total 72704K, used 55192K [0x000000008a600000, 0x0000000100000000)
  region size 1024K, 25 young (25600K), 3 survivors (3072K)
 Metaspace       used 48679K, committed 48896K, reserved 1114112K
  class space    used 5878K, committed 5952K, reserved 1048576K
}
Event: 6.613 GC heap after
{Heap after GC invocations=14 (full 0):
 garbage-first heap   total 72704K, used 33246K [0x000000008a600000, 0x0000000100000000)
  region size 1024K, 2 young (2048K), 2 survivors (2048K)
 Metaspace       used 48679K, committed 48896K, reserved 1114112K
  class space    used 5878K, committed 5952K, reserved 1048576K
}
Event: 7.302 GC heap before
{Heap before GC invocations=14 (full 0):
 garbage-first heap   total 72704K, used 55774K [0x000000008a600000, 0x0000000100000000)
  region size 1024K, 24 young (24576K), 2 survivors (2048K)
 Metaspace       used 52597K, committed 52864K, reserved 1114112K
  class space    used 6334K, committed 6464K, reserved 1048576K
}
Event: 7.312 GC heap after
{Heap after GC invocations=15 (full 0):
 garbage-first heap   total 72704K, used 35840K [0x000000008a600000, 0x0000000100000000)
  region size 1024K, 3 young (3072K), 3 survivors (3072K)
 Metaspace       used 52597K, committed 52864K, reserved 1114112K
  class space    used 6334K, committed 6464K, reserved 1048576K
}
Event: 8.022 GC heap before
{Heap before GC invocations=15 (full 0):
 garbage-first heap   total 72704K, used 56320K [0x000000008a600000, 0x0000000100000000)
  region size 1024K, 23 young (23552K), 3 survivors (3072K)
 Metaspace       used 53968K, committed 54208K, reserved 1114112K
  class space    used 6397K, committed 6528K, reserved 1048576K
}
Event: 8.039 GC heap after
{Heap after GC invocations=16 (full 0):
 garbage-first heap   total 72704K, used 39355K [0x000000008a600000, 0x0000000100000000)
  region size 1024K, 3 young (3072K), 3 survivors (3072K)
 Metaspace       used 53968K, committed 54208K, reserved 1114112K
  class space    used 6397K, committed 6528K, reserved 1048576K
}
Event: 8.365 GC heap before
{Heap before GC invocations=17 (full 0):
 garbage-first heap   total 72704K, used 56763K [0x000000008a600000, 0x0000000100000000)
  region size 1024K, 20 young (20480K), 3 survivors (3072K)
 Metaspace       used 54384K, committed 54720K, reserved 1114112K
  class space    used 6422K, committed 6528K, reserved 1048576K
}
Event: 8.383 GC heap after
{Heap after GC invocations=18 (full 0):
 garbage-first heap   total 72704K, used 42824K [0x000000008a600000, 0x0000000100000000)
  region size 1024K, 3 young (3072K), 3 survivors (3072K)
 Metaspace       used 54384K, committed 54720K, reserved 1114112K
  class space    used 6422K, committed 6528K, reserved 1048576K
}
Event: 8.613 GC heap before
{Heap before GC invocations=18 (full 0):
 garbage-first heap   total 72704K, used 57160K [0x000000008a600000, 0x0000000100000000)
  region size 1024K, 17 young (17408K), 3 survivors (3072K)
 Metaspace       used 55414K, committed 55744K, reserved 1114112K
  class space    used 6562K, committed 6720K, reserved 1048576K
}
Event: 8.626 GC heap after
{Heap after GC invocations=19 (full 0):
 garbage-first heap   total 72704K, used 44467K [0x000000008a600000, 0x0000000100000000)
  region size 1024K, 2 young (2048K), 2 survivors (2048K)
 Metaspace       used 55414K, committed 55744K, reserved 1114112K
  class space    used 6562K, committed 6720K, reserved 1048576K
}
Event: 9.130 GC heap before
{Heap before GC invocations=20 (full 0):
 garbage-first heap   total 80896K, used 57779K [0x000000008a600000, 0x0000000100000000)
  region size 1024K, 15 young (15360K), 2 survivors (2048K)
 Metaspace       used 56928K, committed 57216K, reserved 1114112K
  class space    used 6729K, committed 6848K, reserved 1048576K
}
Event: 9.140 GC heap after
{Heap after GC invocations=21 (full 0):
 garbage-first heap   total 80896K, used 46649K [0x000000008a600000, 0x0000000100000000)
  region size 1024K, 2 young (2048K), 2 survivors (2048K)
 Metaspace       used 56928K, committed 57216K, reserved 1114112K
  class space    used 6729K, committed 6848K, reserved 1048576K
}
Event: 9.239 GC heap before
{Heap before GC invocations=21 (full 0):
 garbage-first heap   total 80896K, used 50745K [0x000000008a600000, 0x0000000100000000)
  region size 1024K, 7 young (7168K), 2 survivors (2048K)
 Metaspace       used 57161K, committed 57472K, reserved 1114112K
  class space    used 6757K, committed 6912K, reserved 1048576K
}

Dll operation events (2 events):
Event: 0.012 Loaded shared library C:\Users\gavri\AppData\Local\Programs\Android Studio\jbr\bin\java.dll
Event: 1.910 Loaded shared library C:\Users\gavri\AppData\Local\Programs\Android Studio\jbr\bin\verify.dll

Deoptimization events (20 events):
Event: 9.193 Thread 0x000002235708fa60 Uncommon trap: trap_request=0xffffffc6 fr.pc=0x000002236220d27c relative=0x000000000000075c
Event: 9.193 Thread 0x000002235708fa60 Uncommon trap: reason=bimorphic_or_optimized_type_check action=maybe_recompile pc=0x000002236220d27c method=gnu.trove.TObjectHash.insertionIndex(Ljava/lang/Object;)I @ 30 c2
Event: 9.193 Thread 0x000002235708fa60 DEOPT PACKING pc=0x000002236220d27c sp=0x000000d760ff8c50
Event: 9.193 Thread 0x000002235708fa60 DEOPT UNPACKING pc=0x0000022361af69a3 sp=0x000000d760ff8bf0 mode 2
Event: 9.194 Thread 0x000002235708fa60 Uncommon trap: trap_request=0xffffffc6 fr.pc=0x000002236220d27c relative=0x000000000000075c
Event: 9.194 Thread 0x000002235708fa60 Uncommon trap: reason=bimorphic_or_optimized_type_check action=maybe_recompile pc=0x000002236220d27c method=gnu.trove.TObjectHash.insertionIndex(Ljava/lang/Object;)I @ 30 c2
Event: 9.194 Thread 0x000002235708fa60 DEOPT PACKING pc=0x000002236220d27c sp=0x000000d760ff8c50
Event: 9.194 Thread 0x000002235708fa60 DEOPT UNPACKING pc=0x0000022361af69a3 sp=0x000000d760ff8bf0 mode 2
Event: 9.194 Thread 0x000002235708fa60 Uncommon trap: trap_request=0xffffffc6 fr.pc=0x000002236220d27c relative=0x000000000000075c
Event: 9.194 Thread 0x000002235708fa60 Uncommon trap: reason=bimorphic_or_optimized_type_check action=maybe_recompile pc=0x000002236220d27c method=gnu.trove.TObjectHash.insertionIndex(Ljava/lang/Object;)I @ 30 c2
Event: 9.194 Thread 0x000002235708fa60 DEOPT PACKING pc=0x000002236220d27c sp=0x000000d760ff8c50
Event: 9.194 Thread 0x000002235708fa60 DEOPT UNPACKING pc=0x0000022361af69a3 sp=0x000000d760ff8bf0 mode 2
Event: 9.194 Thread 0x000002235708fa60 Uncommon trap: trap_request=0xffffffc6 fr.pc=0x000002236220d27c relative=0x000000000000075c
Event: 9.194 Thread 0x000002235708fa60 Uncommon trap: reason=bimorphic_or_optimized_type_check action=maybe_recompile pc=0x000002236220d27c method=gnu.trove.TObjectHash.insertionIndex(Ljava/lang/Object;)I @ 30 c2
Event: 9.194 Thread 0x000002235708fa60 DEOPT PACKING pc=0x000002236220d27c sp=0x000000d760ff8c50
Event: 9.194 Thread 0x000002235708fa60 DEOPT UNPACKING pc=0x0000022361af69a3 sp=0x000000d760ff8bf0 mode 2
Event: 9.221 Thread 0x000002235708fa60 DEOPT PACKING pc=0x000002235ac4a9a1 sp=0x000000d760ff7400
Event: 9.221 Thread 0x000002235708fa60 DEOPT UNPACKING pc=0x0000022361af7143 sp=0x000000d760ff6908 mode 0
Event: 9.239 Thread 0x000002235708fa60 DEOPT PACKING pc=0x000002235a932c3e sp=0x000000d760ff7d50
Event: 9.239 Thread 0x000002235708fa60 DEOPT UNPACKING pc=0x0000022361af7143 sp=0x000000d760ff71c8 mode 0

Classes unloaded (0 events):
No events

Classes redefined (0 events):
No events

Internal exceptions (20 events):
Event: 5.662 Thread 0x000002235708fa60 Exception <a 'java/lang/NoSuchMethodError'{0x000000008d3f96e0}: 'java.lang.Object java.lang.invoke.DirectMethodHandle$Holder.newInvokeSpecial(java.lang.Object, java.lang.Object, int)'> (0x000000008d3f96e0) 
thrown [s\src\hotspot\share\interpreter\linkResolver.cpp, line 771]
Event: 5.771 Thread 0x000002235708fa60 Exception <a 'java/lang/NoSuchMethodError'{0x000000008d0b8338}: 'java.lang.Object java.lang.invoke.DirectMethodHandle$Holder.newInvokeSpecial(java.lang.Object, java.lang.Object, java.lang.Object, int)'> (0x000000008d0b8338) 
thrown [s\src\hotspot\share\interpreter\linkResolver.cpp, line 771]
Event: 5.771 Thread 0x000002235708fa60 Exception <a 'java/lang/NoSuchMethodError'{0x000000008d0bc9c0}: 'java.lang.Object java.lang.invoke.DirectMethodHandle$Holder.invokeSpecial(java.lang.Object, java.lang.Object, java.lang.Object, java.lang.Object, int)'> (0x000000008d0bc9c0) 
thrown [s\src\hotspot\share\interpreter\linkResolver.cpp, line 771]
Event: 5.772 Thread 0x000002235708fa60 Exception <a 'java/lang/NoSuchMethodError'{0x000000008d0c0830}: 'java.lang.Object java.lang.invoke.Invokers$Holder.linkToTargetMethod(java.lang.Object, java.lang.Object, int, java.lang.Object)'> (0x000000008d0c0830) 
thrown [s\src\hotspot\share\interpreter\linkResolver.cpp, line 771]
Event: 5.869 Thread 0x000002235708fa60 Implicit null exception at 0x00000223621621d5 to 0x00000223621622a4
Event: 6.075 Thread 0x000002235708fa60 Exception <a 'java/lang/NoSuchMethodError'{0x000000008d9a0610}: 'java.lang.Object java.lang.invoke.DirectMethodHandle$Holder.invokeInterface(java.lang.Object, java.lang.Object)'> (0x000000008d9a0610) 
thrown [s\src\hotspot\share\interpreter\linkResolver.cpp, line 771]
Event: 7.210 Thread 0x000002235708fa60 Exception <a 'java/lang/NoSuchMethodError'{0x000000008d93a4f0}: 'java.lang.Object java.lang.invoke.DirectMethodHandle$Holder.invokeSpecial(java.lang.Object, java.lang.Object, java.lang.Object, java.lang.Object, java.lang.Object, java.lang.Object, int)'> (0x000000008d93a4f0) 
thrown [s\src\hotspot\share\interpreter\linkResolver.cpp, line 771]
Event: 7.212 Thread 0x000002235708fa60 Exception <a 'java/lang/NoSuchMethodError'{0x000000008d943de0}: 'java.lang.Object java.lang.invoke.DirectMethodHandle$Holder.newInvokeSpecial(java.lang.Object, java.lang.Object, java.lang.Object, java.lang.Object, java.lang.Object, java.lang.Object)'> (0x000000008d943de0) 
thrown [s\src\hotspot\share\interpreter\linkResolver.cpp, line 771]
Event: 7.377 Thread 0x000002235708fa60 Exception <a 'java/lang/NoSuchMethodError'{0x000000008f88bcd8}: 'java.lang.Object java.lang.invoke.DirectMethodHandle$Holder.invokeStaticInit(java.lang.Object, java.lang.Object, java.lang.Object)'> (0x000000008f88bcd8) 
thrown [s\src\hotspot\share\interpreter\linkResolver.cpp, line 771]
Event: 8.081 Thread 0x000002235708fa60 Implicit null exception at 0x000002236208e271 to 0x000002236208e458
Event: 8.081 Thread 0x000002235708fa60 Implicit null exception at 0x00000223620a148f to 0x00000223620a1505
Event: 8.427 Thread 0x000002235708fa60 Exception <a 'java/lang/NoSuchMethodError'{0x000000008f7c51c8}: 'int java.lang.invoke.DirectMethodHandle$Holder.invokeStaticInit(java.lang.Object, int)'> (0x000000008f7c51c8) 
thrown [s\src\hotspot\share\interpreter\linkResolver.cpp, line 771]
Event: 8.453 Thread 0x000002235708fa60 Implicit null exception at 0x000002236211989a to 0x0000022362119a08
Event: 8.454 Thread 0x000002235708fa60 Implicit null exception at 0x00000223620a6b58 to 0x00000223620a6bea
Event: 8.686 Thread 0x000002235708fa60 Implicit null exception at 0x00000223621bff4c to 0x00000223621c0028
Event: 8.834 Thread 0x000002235708fa60 Exception <a 'java/lang/NoSuchMethodError'{0x000000008efa9a20}: 'java.lang.Object java.lang.invoke.DirectMethodHandle$Holder.invokeInterface(java.lang.Object, java.lang.Object, java.lang.Object)'> (0x000000008efa9a20) 
thrown [s\src\hotspot\share\interpreter\linkResolver.cpp, line 771]
Event: 8.835 Thread 0x000002235708fa60 Exception <a 'java/lang/IncompatibleClassChangeError'{0x000000008efad390}: Found class java.lang.Object, but interface was expected> (0x000000008efad390) 
thrown [s\src\hotspot\share\interpreter\linkResolver.cpp, line 838]
Event: 9.156 Thread 0x000002235708fa60 Exception <a 'java/lang/NoSuchMethodError'{0x0000000091b739f8}: 'java.lang.Object java.lang.invoke.DirectMethodHandle$Holder.invokeStatic(java.lang.Object, int, java.lang.Object)'> (0x0000000091b739f8) 
thrown [s\src\hotspot\share\interpreter\linkResolver.cpp, line 771]
Event: 9.164 Thread 0x000002235708fa60 Exception <a 'java/lang/NoSuchMethodError'{0x0000000091ba1120}: 'java.lang.Object java.lang.invoke.DirectMethodHandle$Holder.newInvokeSpecial(java.lang.Object, int, java.lang.Object)'> (0x0000000091ba1120) 
thrown [s\src\hotspot\share\interpreter\linkResolver.cpp, line 771]
Event: 9.166 Thread 0x000002235708fa60 Exception <a 'java/lang/NoSuchMethodError'{0x0000000091ba7e50}: 'int java.lang.invoke.DirectMethodHandle$Holder.invokeInterface(java.lang.Object, java.lang.Object)'> (0x0000000091ba7e50) 
thrown [s\src\hotspot\share\interpreter\linkResolver.cpp, line 771]

VM Operations (20 events):
Event: 8.695 Executing VM operation: G1PauseCleanup done
Event: 8.760 Executing VM operation: HandshakeAllThreads
Event: 8.760 Executing VM operation: HandshakeAllThreads done
Event: 8.918 Executing VM operation: ICBufferFull
Event: 8.918 Executing VM operation: ICBufferFull done
Event: 8.944 Executing VM operation: HandshakeAllThreads
Event: 8.944 Executing VM operation: HandshakeAllThreads done
Event: 8.992 Executing VM operation: HandshakeAllThreads
Event: 8.992 Executing VM operation: HandshakeAllThreads done
Event: 9.013 Executing VM operation: HandshakeAllThreads
Event: 9.013 Executing VM operation: HandshakeAllThreads done
Event: 9.129 Executing VM operation: G1CollectForAllocation
Event: 9.140 Executing VM operation: G1CollectForAllocation done
Event: 9.146 Executing VM operation: HandshakeAllThreads
Event: 9.146 Executing VM operation: HandshakeAllThreads done
Event: 9.153 Executing VM operation: HandshakeAllThreads
Event: 9.153 Executing VM operation: HandshakeAllThreads done
Event: 9.158 Executing VM operation: HandshakeAllThreads
Event: 9.158 Executing VM operation: HandshakeAllThreads done
Event: 9.239 Executing VM operation: G1TryInitiateConcMark

Events (20 events):
Event: 6.694 loading class java/util/stream/ReduceOps
Event: 6.694 loading class java/util/stream/ReduceOps done
Event: 6.694 loading class java/util/stream/ReduceOps$3
Event: 6.694 loading class java/util/stream/ReduceOps$ReduceOp
Event: 6.694 loading class java/util/stream/ReduceOps$ReduceOp done
Event: 6.694 loading class java/util/stream/ReduceOps$3 done
Event: 6.694 loading class java/util/stream/ReduceOps$3ReducingSink
Event: 6.694 loading class java/util/stream/ReduceOps$AccumulatingSink
Event: 6.695 loading class java/util/stream/ReduceOps$AccumulatingSink done
Event: 6.695 loading class java/util/stream/ReduceOps$Box
Event: 6.695 loading class java/util/stream/ReduceOps$Box done
Event: 6.695 loading class java/util/stream/ReduceOps$3ReducingSink done
Event: 6.695 loading class java/util/stream/ReferencePipeline$2$1
Event: 6.695 loading class java/util/stream/ReferencePipeline$2$1 done
Event: 6.695 loading class java/util/stream/IntPipeline$1$1
Event: 6.695 loading class java/util/stream/IntPipeline$1$1 done
Event: 7.040 loading class java/util/Collections$SingletonMap
Event: 7.040 loading class java/util/Collections$SingletonMap done
Event: 7.218 loading class java/util/RegularEnumSet$EnumSetIterator
Event: 7.218 loading class java/util/RegularEnumSet$EnumSetIterator done


Dynamic libraries:
0x00007ff6abcc0000 - 0x00007ff6abcca000 	C:\Users\gavri\AppData\Local\Programs\Android Studio\jbr\bin\java.exe
0x00007ff9fe1f0000 - 0x00007ff9fe3e8000 	C:\WINDOWS\SYSTEM32\ntdll.dll
0x00007ff9fc4f0000 - 0x00007ff9fc5ad000 	C:\WINDOWS\System32\KERNEL32.DLL
0x00007ff9fbae0000 - 0x00007ff9fbdd6000 	C:\WINDOWS\System32\KERNELBASE.dll
0x00007ff9fbde0000 - 0x00007ff9fbee0000 	C:\WINDOWS\System32\ucrtbase.dll
0x00007ff9df660000 - 0x00007ff9df677000 	C:\Users\gavri\AppData\Local\Programs\Android Studio\jbr\bin\jli.dll
0x00007ff9eade0000 - 0x00007ff9eadfb000 	C:\Users\gavri\AppData\Local\Programs\Android Studio\jbr\bin\VCRUNTIME140.dll
0x00007ff9fd450000 - 0x00007ff9fd5ef000 	C:\WINDOWS\System32\USER32.dll
0x00007ff9fba10000 - 0x00007ff9fba32000 	C:\WINDOWS\System32\win32u.dll
0x00007ff9e2760000 - 0x00007ff9e29fa000 	C:\WINDOWS\WinSxS\amd64_microsoft.windows.common-controls_6595b64144ccf1df_6.0.19041.4355_none_60b8b9eb71f62e16\COMCTL32.dll
0x00007ff9fd340000 - 0x00007ff9fd36b000 	C:\WINDOWS\System32\GDI32.dll
0x00007ff9fd630000 - 0x00007ff9fd6ce000 	C:\WINDOWS\System32\msvcrt.dll
0x00007ff9fb8a0000 - 0x00007ff9fb9b7000 	C:\WINDOWS\System32\gdi32full.dll
0x00007ff9fba40000 - 0x00007ff9fbadd000 	C:\WINDOWS\System32\msvcp_win.dll
0x00007ff9fd5f0000 - 0x00007ff9fd622000 	C:\WINDOWS\System32\IMM32.DLL
0x00007ff9f5570000 - 0x00007ff9f557c000 	C:\Users\gavri\AppData\Local\Programs\Android Studio\jbr\bin\vcruntime140_1.dll
0x00007ff9deee0000 - 0x00007ff9def6d000 	C:\Users\gavri\AppData\Local\Programs\Android Studio\jbr\bin\msvcp140.dll
0x00007ff991ba0000 - 0x00007ff992823000 	C:\Users\gavri\AppData\Local\Programs\Android Studio\jbr\bin\server\jvm.dll
0x00007ff9fc870000 - 0x00007ff9fc920000 	C:\WINDOWS\System32\ADVAPI32.dll
0x00007ff9fdb50000 - 0x00007ff9fdbf0000 	C:\WINDOWS\System32\sechost.dll
0x00007ff9fc6e0000 - 0x00007ff9fc803000 	C:\WINDOWS\System32\RPCRT4.dll
0x00007ff9fc180000 - 0x00007ff9fc1a7000 	C:\WINDOWS\System32\bcrypt.dll
0x00007ff9fb1c0000 - 0x00007ff9fb20b000 	C:\WINDOWS\SYSTEM32\POWRPROF.dll
0x00007ff9744a0000 - 0x00007ff9744a9000 	C:\WINDOWS\SYSTEM32\WSOCK32.dll
0x00007ff9f35f0000 - 0x00007ff9f3617000 	C:\WINDOWS\SYSTEM32\WINMM.dll
0x00007ff9fc920000 - 0x00007ff9fc98b000 	C:\WINDOWS\System32\WS2_32.dll
0x00007ff9f35e0000 - 0x00007ff9f35ea000 	C:\WINDOWS\SYSTEM32\VERSION.dll
0x00007ff9fb080000 - 0x00007ff9fb092000 	C:\WINDOWS\SYSTEM32\UMPDC.dll
0x00007ff9fa0b0000 - 0x00007ff9fa0c2000 	C:\WINDOWS\SYSTEM32\kernel.appcore.dll
0x00007ff9ef140000 - 0x00007ff9ef14a000 	C:\Users\gavri\AppData\Local\Programs\Android Studio\jbr\bin\jimage.dll
0x00007ff9ef460000 - 0x00007ff9ef644000 	C:\WINDOWS\SYSTEM32\DBGHELP.DLL
0x00007ff9f1850000 - 0x00007ff9f1884000 	C:\WINDOWS\SYSTEM32\dbgcore.DLL
0x00007ff9fc0f0000 - 0x00007ff9fc172000 	C:\WINDOWS\System32\bcryptPrimitives.dll
0x00007ff9ea1b0000 - 0x00007ff9ea1d5000 	C:\Users\gavri\AppData\Local\Programs\Android Studio\jbr\bin\java.dll
0x00007ff9ea660000 - 0x00007ff9ea678000 	C:\Users\gavri\AppData\Local\Programs\Android Studio\jbr\bin\zip.dll
0x00007ff9fcb10000 - 0x00007ff9fd27b000 	C:\WINDOWS\System32\SHELL32.dll
0x00007ff9f9790000 - 0x00007ff9f9f2d000 	C:\WINDOWS\SYSTEM32\windows.storage.dll
0x00007ff9fddd0000 - 0x00007ff9fe123000 	C:\WINDOWS\System32\combase.dll
0x00007ff9fb2c0000 - 0x00007ff9fb2ee000 	C:\WINDOWS\SYSTEM32\Wldp.dll
0x00007ff9fc610000 - 0x00007ff9fc6dd000 	C:\WINDOWS\System32\OLEAUT32.dll
0x00007ff9fd370000 - 0x00007ff9fd41d000 	C:\WINDOWS\System32\SHCORE.dll
0x00007ff9fc5b0000 - 0x00007ff9fc605000 	C:\WINDOWS\System32\shlwapi.dll
0x00007ff9fb7d0000 - 0x00007ff9fb7f4000 	C:\WINDOWS\SYSTEM32\profapi.dll
0x00007ff9e0150000 - 0x00007ff9e0169000 	C:\Users\gavri\AppData\Local\Programs\Android Studio\jbr\bin\net.dll
0x00007ff9f6a20000 - 0x00007ff9f6b2a000 	C:\WINDOWS\SYSTEM32\WINHTTP.dll
0x00007ff9fafb0000 - 0x00007ff9fb01a000 	C:\WINDOWS\system32\mswsock.dll
0x00007ff9df820000 - 0x00007ff9df836000 	C:\Users\gavri\AppData\Local\Programs\Android Studio\jbr\bin\nio.dll
0x00007ff9eada0000 - 0x00007ff9eadb0000 	C:\Users\gavri\AppData\Local\Programs\Android Studio\jbr\bin\verify.dll

dbghelp: loaded successfully - version: 4.0.5 - missing functions: none
symbol engine: initialized successfully - sym options: 0x614 - pdb path: .;C:\Users\gavri\AppData\Local\Programs\Android Studio\jbr\bin;C:\WINDOWS\SYSTEM32;C:\WINDOWS\WinSxS\amd64_microsoft.windows.common-controls_6595b64144ccf1df_6.0.19041.4355_none_60b8b9eb71f62e16;C:\Users\gavri\AppData\Local\Programs\Android Studio\jbr\bin\server

VM Arguments:
java_command: org.jetbrains.kotlin.cli.jvm.K2JVMCompiler @C:\gavri\CheckSolution-master\app\build\20240520_11413822578336316318.compiler.options
java_class_path (initial): C:\Users\gavri\.gradle\caches\modules-2\files-2.1\org.jetbrains.kotlin\kotlin-compiler-embeddable\1.8.20\78d9baa57f65babf9e0a93e51f62f26f5f35ac3e\kotlin-compiler-embeddable-1.8.20.jar;C:\Users\gavri\.gradle\caches\modules-2\files-2.1\org.jetbrains.kotlin\kotlin-stdlib\1.8.20\e72fc5e03ec6c064c678a6bd0d955c88d55b0c4a\kotlin-stdlib-1.8.20.jar;C:\Users\gavri\.gradle\caches\modules-2\files-2.1\org.jetbrains.kotlin\kotlin-script-runtime\1.8.20\c850771e723701f9d63dbcf641429c0f29290074\kotlin-script-runtime-1.8.20.jar;C:\Users\gavri\.gradle\caches\modules-2\files-2.1\org.jetbrains.kotlin\kotlin-reflect\1.6.10\1cbe9c92c12a94eea200d23c2bbaedaf3daf5132\kotlin-reflect-1.6.10.jar;C:\Users\gavri\.gradle\caches\modules-2\files-2.1\org.jetbrains.kotlin\kotlin-daemon-embeddable\1.8.20\c1b808fbe5fee60bd0504a54778120ef40f383d4\kotlin-daemon-embeddable-1.8.20.jar;C:\Users\gavri\.gradle\caches\modules-2\files-2.1\org.jetbrains.intellij.deps\trove4j\1.0.20200330\3afb14d5f9ceb459d724e907a21145e8ff394f02\trove4j-1.0.20200330.jar;C:\Users\gavri\.gradle\caches\modules-2\files-2.1\net.java.dev.jna\jna\5.6.0\330f2244e9030119ab3030fc3fededc86713d9cc\jna-5.6.0.jar;C:\Users\gavri\.gradle\caches\modules-2\files-2.1\org.jetbrains.kotlin\kotlin-stdlib-common\1.8.20\5eddaaf234c8c49d03eebeb6a14feb7f90faca71\kotlin-stdlib-common-1.8.20.jar;C:\Users\gavri\.gradle\caches\modules-2\files-2.1\org.jetbrains\annotations\13.0\919f0dfe192fb4e063e7dacadee7f8bb9a2672a9\annotations-13.0.jar
Launcher Type: SUN_STANDARD

[Global flags]
     intx CICompilerCount                          = 4                                         {product} {ergonomic}
     uint ConcGCThreads                            = 3                                         {product} {ergonomic}
     uint G1ConcRefinementThreads                  = 10                                        {product} {ergonomic}
   size_t G1HeapRegionSize                         = 1048576                                   {product} {ergonomic}
    uintx GCDrainStackTargetSize                   = 64                                        {product} {ergonomic}
   size_t InitialHeapSize                          = 123731968                                 {product} {ergonomic}
   size_t MarkStackSize                            = 4194304                                   {product} {ergonomic}
   size_t MaxHeapSize                              = 1973420032                                {product} {ergonomic}
   size_t MaxNewSize                               = 1183842304                                {product} {ergonomic}
   size_t MinHeapDeltaBytes                        = 1048576                                   {product} {ergonomic}
   size_t MinHeapSize                              = 8388608                                   {product} {ergonomic}
    uintx NonNMethodCodeHeapSize                   = 5839372                                {pd product} {ergonomic}
    uintx NonProfiledCodeHeapSize                  = 122909434                              {pd product} {ergonomic}
    uintx ProfiledCodeHeapSize                     = 122909434                              {pd product} {ergonomic}
    uintx ReservedCodeCacheSize                    = 251658240                              {pd product} {ergonomic}
     bool SegmentedCodeCache                       = true                                      {product} {ergonomic}
   size_t SoftMaxHeapSize                          = 1973420032                             {manageable} {ergonomic}
     bool UseCompressedClassPointers               = true                           {product lp64_product} {ergonomic}
     bool UseCompressedOops                        = true                           {product lp64_product} {ergonomic}
     bool UseG1GC                                  = true                                      {product} {ergonomic}
     bool UseLargePagesIndividualAllocation        = false                                  {pd product} {ergonomic}

Logging:
Log output configuration:
 #0: stdout all=warning uptime,level,tags
 #1: stderr all=off uptime,level,tags

Environment Variables:
PATH=C:\Program Files\Common Files\Oracle\Java\javapath;C:\Program Files\Microsoft\jdk-11.0.12.7-hotspot\bin;C:\WINDOWS\system32;C:\WINDOWS;C:\WINDOWS\System32\Wbem;C:\WINDOWS\System32\WindowsPowerShell\v1.0\;C:\WINDOWS\System32\OpenSSH\;C:\Program Files\Microsoft SQL Server\150\Tools\Binn\;C:\Program Files\Microsoft SQL Server\Client SDK\ODBC\170\Tools\Binn\;C:\Program Files\dotnet\;C:\Program Files\Git\cmd;C:\Program Files (x86)\Microsoft SQL Server\160\DTS\Binn\;C:\Program Files (x86)\Microsoft SQL Server\160\Tools\Binn\;C:\Program Files\Microsoft SQL Server\160\Tools\Binn\;C:\Program Files\Microsoft SQL Server\160\DTS\Binn\;C:\Users\gavri\AppData\Local\Microsoft\WindowsApps;C:\Users\gavri\AppData\Local\GitHubDesktop\bin;C:\Users\gavri\AppData\Local\Programs\Microsoft VS Code\bin;C:\Users\gavri\.dotnet\tools;C:\Program Files\JetBrains\IntelliJ IDEA Community Edition 2023.2.4\bin;C:\Users\gavri\AppData\Local\JetBrains\Toolbox\scripts;
USERNAME=gavri
OS=Windows_NT
PROCESSOR_IDENTIFIER=AMD64 Family 23 Model 104 Stepping 1, AuthenticAMD
TMP=C:\Users\gavri\AppData\Local\Temp
TEMP=C:\Users\gavri\AppData\Local\Temp



Periodic native trim disabled

JNI global refs:
JNI global refs: 12, weak refs: 9

JNI global refs memory usage: 843, weak refs: 841

OOME stack traces (most recent first):
Classloader memory used:
Loader jdk.internal.loader.ClassLoaders$AppClassLoader                                 : 5508K
Loader bootstrap                                                                       : 1596K
Loader jdk.internal.loader.ClassLoaders$PlatformClassLoader                            : 34443B
Loader jdk.internal.reflect.DelegatingClassLoader                                      : 7327B


---------------  S Y S T E M  ---------------

OS:
 Windows 10 , 64 bit Build 19041 (10.0.19041.3636)
OS uptime: 3 days 19:37 hours

CPU: total 12 (initial active 12) (12 cores per cpu, 2 threads per core) family 23 model 104 stepping 1 microcode 0x0, cx8, cmov, fxsr, ht, mmx, 3dnowpref, sse, sse2, sse3, ssse3, sse4a, sse4.1, sse4.2, popcnt, lzcnt, tsc, tscinvbit, avx, avx2, aes, clmul, bmi1, bmi2, adx, sha, fma, vzeroupper, clflush, clflushopt
Processor Information for all 12 processors :
  Max Mhz: 2100, Current Mhz: 1670, Mhz Limit: 2100

Memory: 4k page, system-wide physical 7521M (414M free)
TotalPageFile size 31073M (AvailPageFile size 17M)
current process WorkingSet (physical memory assigned to process): 247M, peak: 248M
current process commit charge ("private bytes"): 292M, peak: 315M

vm_info: OpenJDK 64-Bit Server VM (17.0.10+0--11572160) for windows-amd64 JRE (17.0.10+0--11572160), built on Mar 13 2024 23:56:38 by "androidbuild" with MS VC++ 16.10 / 16.11 (VS2019)

END.
